Nov 29, 2024 11:00:26 AM com.google.cloud.datastore.emulator.firestore.websocket.WebSocketServer start
INFO: Started WebSocket server on ws://127.0.0.1:9150
API endpoint: http://127.0.0.1:8181
If you are using a library that supports the FIRESTORE_EMULATOR_HOST environment variable, run:

   export FIRESTORE_EMULATOR_HOST=127.0.0.1:8181

If you are running a Firestore in Datastore Mode project, run:

   export DATASTORE_EMULATOR_HOST=127.0.0.1:8181

Note: Support for Datastore Mode is in preview. If you encounter any bugs please file at https://github.com/firebase/firebase-tools/issues.
Dev App Server is now running.

Nov 29, 2024 11:00:42 AM io.gapi.emulators.netty.HttpVersionRoutingHandler channelRead
INFO: Detected HTTP/2 connection.
Nov 29, 2024 11:00:42 AM com.google.cloud.datastore.emulator.impl.util.WrappedStreamObserver onError
WARNING: Operation failed: Invalid app id: dev~PROJECT_ID
java.lang.IllegalArgumentException: Invalid app id: dev~PROJECT_ID
	at com.google.cloud.datastore.core.names.projectids.ProjectIds.parseAppId(ProjectIds.java:176)
	at com.google.cloud.datastore.core.rep.DatabaseRef.createForApp(DatabaseRef.java:271)
	at com.google.cloud.datastore.core.firestorev1.converter.FirestoreV1ResourceRefToRepConverter.parseDatabaseRef(FirestoreV1ResourceRefToRepConverter.java:271)
	at com.google.cloud.datastore.core.firestorev1.converter.FirestoreV1ResourceRefToRepConverter.convertDatabaseRefHelper(FirestoreV1ResourceRefToRepConverter.java:169)
	at com.google.cloud.datastore.core.firestorev1.converter.FirestoreV1ResourceRefToRepConverter.convertDatabaseRefServiceRelative(FirestoreV1ResourceRefToRepConverter.java:161)
	at com.google.cloud.datastore.emulator.impl.util.FirestoreEmulatorConverters.toDatabaseRef(FirestoreEmulatorConverters.java:669)
	at com.google.cloud.datastore.emulator.impl.firestore.CloudFirestoreV1Router.inferDatabaseRef(CloudFirestoreV1Router.java:554)
	at com.google.cloud.datastore.emulator.impl.firestore.CloudFirestoreV1Router.commit(CloudFirestoreV1Router.java:173)
	at com.google.cloud.datastore.emulator.firestore.v1.FirestoreV1GrpcAdapter$1.lambda$commit$8(FirestoreV1GrpcAdapter.java:162)
	at com.google.cloud.datastore.emulator.firestore.v1.FirestoreV1GrpcAdapter.unary(FirestoreV1GrpcAdapter.java:72)
	at com.google.cloud.datastore.emulator.firestore.v1.FirestoreV1GrpcAdapter$1.commit(FirestoreV1GrpcAdapter.java:162)
	at com.google.firestore.v1.FirestoreGrpc$MethodHandlers.invoke(FirestoreGrpc.java:1234)
	at io.grpc.stub.ServerCalls$UnaryServerCallHandler$UnaryServerCallListener.onHalfClose(ServerCalls.java:182)
	at io.grpc.PartialForwardingServerCallListener.onHalfClose(PartialForwardingServerCallListener.java:35)
	at io.grpc.ForwardingServerCallListener.onHalfClose(ForwardingServerCallListener.java:23)
	at io.grpc.ForwardingServerCallListener$SimpleForwardingServerCallListener.onHalfClose(ForwardingServerCallListener.java:40)
	at io.grpc.Contexts$ContextualizedServerCallListener.onHalfClose(Contexts.java:86)
	at io.grpc.PartialForwardingServerCallListener.onHalfClose(PartialForwardingServerCallListener.java:35)
	at io.grpc.ForwardingServerCallListener.onHalfClose(ForwardingServerCallListener.java:23)
	at io.grpc.ForwardingServerCallListener$SimpleForwardingServerCallListener.onHalfClose(ForwardingServerCallListener.java:40)
	at io.grpc.Contexts$ContextualizedServerCallListener.onHalfClose(Contexts.java:86)
	at io.grpc.internal.ServerCallImpl$ServerStreamListenerImpl.halfClosed(ServerCallImpl.java:356)
	at io.grpc.internal.ServerImpl$JumpToApplicationThreadServerStreamListener$1HalfClosed.runInContext(ServerImpl.java:861)
	at io.grpc.internal.ContextRunnable.run(ContextRunnable.java:37)
	at io.grpc.internal.SerializingExecutor.run(SerializingExecutor.java:133)
	at java.base/java.util.concurrent.ThreadPoolExecutor.runWorker(ThreadPoolExecutor.java:1144)
	at java.base/java.util.concurrent.ThreadPoolExecutor$Worker.run(ThreadPoolExecutor.java:642)
	at java.base/java.lang.Thread.run(Thread.java:1583)

Nov 29, 2024 11:00:43 AM io.gapi.emulators.netty.HttpVersionRoutingHandler channelRead
INFO: Detected non-HTTP/2 connection.
Nov 29, 2024 11:00:43 AM io.gapi.emulators.netty.HttpVersionRoutingHandler channelRead
INFO: Detected HTTP/2 connection.
Nov 29, 2024 11:00:43 AM com.google.cloud.datastore.emulator.impl.util.WrappedStreamObserver onError
WARNING: Operation failed: Invalid app id: dev~PROJECT_ID
java.lang.IllegalArgumentException: Invalid app id: dev~PROJECT_ID
	at com.google.cloud.datastore.core.names.projectids.ProjectIds.parseAppId(ProjectIds.java:176)
	at com.google.cloud.datastore.core.rep.DatabaseRef.createForApp(DatabaseRef.java:271)
	at com.google.cloud.datastore.core.firestorev1.converter.FirestoreV1ResourceRefToRepConverter.parseDatabaseRef(FirestoreV1ResourceRefToRepConverter.java:271)
	at com.google.cloud.datastore.core.firestorev1.converter.FirestoreV1ResourceRefToRepConverter.convertEntityParentRefAllowFirestoreRelative(FirestoreV1ResourceRefToRepConverter.java:77)
	at com.google.cloud.datastore.core.firestorev1.converter.FirestoreV1RequestToRepConverter.parseParent(FirestoreV1RequestToRepConverter.java:606)
	at com.google.cloud.datastore.emulator.impl.util.FirestoreEmulatorConverters.parseParentAndOptionalCollectionId(FirestoreEmulatorConverters.java:634)
	at com.google.cloud.datastore.emulator.impl.firestore.CloudFirestoreV1Router.inferDatabaseRef(CloudFirestoreV1Router.java:629)
	at com.google.cloud.datastore.emulator.impl.firestore.CloudFirestoreV1Router.clearData(CloudFirestoreV1Router.java:276)
	at com.google.cloud.datastore.emulator.firestore.EmulatorAuxiliaryGrpcAdapter$1.lambda$clearData$2(EmulatorAuxiliaryGrpcAdapter.java:91)
	at com.google.cloud.datastore.emulator.firestore.EmulatorAuxiliaryGrpcAdapter.unary(EmulatorAuxiliaryGrpcAdapter.java:52)
	at com.google.cloud.datastore.emulator.firestore.EmulatorAuxiliaryGrpcAdapter$1.clearData(EmulatorAuxiliaryGrpcAdapter.java:88)
	at com.google.firestore.emulator.v1.FirestoreEmulatorGrpc$MethodHandlers.invoke(FirestoreEmulatorGrpc.java:776)
	at io.grpc.stub.ServerCalls$UnaryServerCallHandler$UnaryServerCallListener.onHalfClose(ServerCalls.java:182)
	at io.grpc.PartialForwardingServerCallListener.onHalfClose(PartialForwardingServerCallListener.java:35)
	at io.grpc.ForwardingServerCallListener.onHalfClose(ForwardingServerCallListener.java:23)
	at io.grpc.ForwardingServerCallListener$SimpleForwardingServerCallListener.onHalfClose(ForwardingServerCallListener.java:40)
	at io.grpc.Contexts$ContextualizedServerCallListener.onHalfClose(Contexts.java:86)
	at io.grpc.PartialForwardingServerCallListener.onHalfClose(PartialForwardingServerCallListener.java:35)
	at io.grpc.ForwardingServerCallListener.onHalfClose(ForwardingServerCallListener.java:23)
	at io.grpc.ForwardingServerCallListener$SimpleForwardingServerCallListener.onHalfClose(ForwardingServerCallListener.java:40)
	at io.grpc.Contexts$ContextualizedServerCallListener.onHalfClose(Contexts.java:86)
	at io.grpc.internal.ServerCallImpl$ServerStreamListenerImpl.halfClosed(ServerCallImpl.java:356)
	at io.grpc.internal.ServerImpl$JumpToApplicationThreadServerStreamListener$1HalfClosed.runInContext(ServerImpl.java:861)
	at io.grpc.internal.ContextRunnable.run(ContextRunnable.java:37)
	at io.grpc.internal.SerializingExecutor.run(SerializingExecutor.java:133)
	at java.base/java.util.concurrent.ThreadPoolExecutor.runWorker(ThreadPoolExecutor.java:1144)
	at java.base/java.util.concurrent.ThreadPoolExecutor$Worker.run(ThreadPoolExecutor.java:642)
	at java.base/java.lang.Thread.run(Thread.java:1583)

Nov 29, 2024 11:00:43 AM io.gapi.emulators.netty.HttpHandler$1 onError
INFO: Exception when handling request: UNKNOWN
Nov 29, 2024 11:00:43 AM com.google.cloud.datastore.emulator.impl.util.WrappedStreamObserver onError
WARNING: Operation failed: Invalid app id: dev~PROJECT_ID
java.lang.IllegalArgumentException: Invalid app id: dev~PROJECT_ID
	at com.google.cloud.datastore.core.names.projectids.ProjectIds.parseAppId(ProjectIds.java:176)
	at com.google.cloud.datastore.core.rep.DatabaseRef.createForApp(DatabaseRef.java:271)
	at com.google.cloud.datastore.core.firestorev1.converter.FirestoreV1ResourceRefToRepConverter.parseDatabaseRef(FirestoreV1ResourceRefToRepConverter.java:271)
	at com.google.cloud.datastore.core.firestorev1.converter.FirestoreV1ResourceRefToRepConverter.convertDatabaseRefHelper(FirestoreV1ResourceRefToRepConverter.java:169)
	at com.google.cloud.datastore.core.firestorev1.converter.FirestoreV1ResourceRefToRepConverter.convertDatabaseRefServiceRelative(FirestoreV1ResourceRefToRepConverter.java:161)
	at com.google.cloud.datastore.emulator.impl.util.FirestoreEmulatorConverters.toDatabaseRef(FirestoreEmulatorConverters.java:669)
	at com.google.cloud.datastore.emulator.impl.firestore.CloudFirestoreV1Router.inferDatabaseRef(CloudFirestoreV1Router.java:554)
	at com.google.cloud.datastore.emulator.impl.firestore.CloudFirestoreV1Router.commit(CloudFirestoreV1Router.java:173)
	at com.google.cloud.datastore.emulator.firestore.v1.FirestoreV1GrpcAdapter$1.lambda$commit$8(FirestoreV1GrpcAdapter.java:162)
	at com.google.cloud.datastore.emulator.firestore.v1.FirestoreV1GrpcAdapter.unary(FirestoreV1GrpcAdapter.java:72)
	at com.google.cloud.datastore.emulator.firestore.v1.FirestoreV1GrpcAdapter$1.commit(FirestoreV1GrpcAdapter.java:162)
	at com.google.firestore.v1.FirestoreGrpc$MethodHandlers.invoke(FirestoreGrpc.java:1234)
	at io.grpc.stub.ServerCalls$UnaryServerCallHandler$UnaryServerCallListener.onHalfClose(ServerCalls.java:182)
	at io.grpc.PartialForwardingServerCallListener.onHalfClose(PartialForwardingServerCallListener.java:35)
	at io.grpc.ForwardingServerCallListener.onHalfClose(ForwardingServerCallListener.java:23)
	at io.grpc.ForwardingServerCallListener$SimpleForwardingServerCallListener.onHalfClose(ForwardingServerCallListener.java:40)
	at io.grpc.Contexts$ContextualizedServerCallListener.onHalfClose(Contexts.java:86)
	at io.grpc.PartialForwardingServerCallListener.onHalfClose(PartialForwardingServerCallListener.java:35)
	at io.grpc.ForwardingServerCallListener.onHalfClose(ForwardingServerCallListener.java:23)
	at io.grpc.ForwardingServerCallListener$SimpleForwardingServerCallListener.onHalfClose(ForwardingServerCallListener.java:40)
	at io.grpc.Contexts$ContextualizedServerCallListener.onHalfClose(Contexts.java:86)
	at io.grpc.internal.ServerCallImpl$ServerStreamListenerImpl.halfClosed(ServerCallImpl.java:356)
	at io.grpc.internal.ServerImpl$JumpToApplicationThreadServerStreamListener$1HalfClosed.runInContext(ServerImpl.java:861)
	at io.grpc.internal.ContextRunnable.run(ContextRunnable.java:37)
	at io.grpc.internal.SerializingExecutor.run(SerializingExecutor.java:133)
	at java.base/java.util.concurrent.ThreadPoolExecutor.runWorker(ThreadPoolExecutor.java:1144)
	at java.base/java.util.concurrent.ThreadPoolExecutor$Worker.run(ThreadPoolExecutor.java:642)
	at java.base/java.lang.Thread.run(Thread.java:1583)

Nov 29, 2024 11:00:43 AM com.google.cloud.datastore.emulator.impl.util.WrappedStreamObserver onError
WARNING: Operation failed: Invalid app id: dev~PROJECT_ID
java.lang.IllegalArgumentException: Invalid app id: dev~PROJECT_ID
	at com.google.cloud.datastore.core.names.projectids.ProjectIds.parseAppId(ProjectIds.java:176)
	at com.google.cloud.datastore.core.rep.DatabaseRef.createForApp(DatabaseRef.java:271)
	at com.google.cloud.datastore.core.firestorev1.converter.FirestoreV1ResourceRefToRepConverter.parseDatabaseRef(FirestoreV1ResourceRefToRepConverter.java:271)
	at com.google.cloud.datastore.core.firestorev1.converter.FirestoreV1ResourceRefToRepConverter.convertEntityParentRefAllowFirestoreRelative(FirestoreV1ResourceRefToRepConverter.java:77)
	at com.google.cloud.datastore.core.firestorev1.converter.FirestoreV1RequestToRepConverter.parseParent(FirestoreV1RequestToRepConverter.java:606)
	at com.google.cloud.datastore.emulator.impl.util.FirestoreEmulatorConverters.parseParentAndOptionalCollectionId(FirestoreEmulatorConverters.java:634)
	at com.google.cloud.datastore.emulator.impl.firestore.CloudFirestoreV1Router.inferDatabaseRef(CloudFirestoreV1Router.java:629)
	at com.google.cloud.datastore.emulator.impl.firestore.CloudFirestoreV1Router.clearData(CloudFirestoreV1Router.java:276)
	at com.google.cloud.datastore.emulator.firestore.EmulatorAuxiliaryGrpcAdapter$1.lambda$clearData$2(EmulatorAuxiliaryGrpcAdapter.java:91)
	at com.google.cloud.datastore.emulator.firestore.EmulatorAuxiliaryGrpcAdapter.unary(EmulatorAuxiliaryGrpcAdapter.java:52)
	at com.google.cloud.datastore.emulator.firestore.EmulatorAuxiliaryGrpcAdapter$1.clearData(EmulatorAuxiliaryGrpcAdapter.java:88)
	at com.google.firestore.emulator.v1.FirestoreEmulatorGrpc$MethodHandlers.invoke(FirestoreEmulatorGrpc.java:776)
	at io.grpc.stub.ServerCalls$UnaryServerCallHandler$UnaryServerCallListener.onHalfClose(ServerCalls.java:182)
	at io.grpc.PartialForwardingServerCallListener.onHalfClose(PartialForwardingServerCallListener.java:35)
	at io.grpc.ForwardingServerCallListener.onHalfClose(ForwardingServerCallListener.java:23)
	at io.grpc.ForwardingServerCallListener$SimpleForwardingServerCallListener.onHalfClose(ForwardingServerCallListener.java:40)
	at io.grpc.Contexts$ContextualizedServerCallListener.onHalfClose(Contexts.java:86)
	at io.grpc.PartialForwardingServerCallListener.onHalfClose(PartialForwardingServerCallListener.java:35)
	at io.grpc.ForwardingServerCallListener.onHalfClose(ForwardingServerCallListener.java:23)
	at io.grpc.ForwardingServerCallListener$SimpleForwardingServerCallListener.onHalfClose(ForwardingServerCallListener.java:40)
	at io.grpc.Contexts$ContextualizedServerCallListener.onHalfClose(Contexts.java:86)
	at io.grpc.internal.ServerCallImpl$ServerStreamListenerImpl.halfClosed(ServerCallImpl.java:356)
	at io.grpc.internal.ServerImpl$JumpToApplicationThreadServerStreamListener$1HalfClosed.runInContext(ServerImpl.java:861)
	at io.grpc.internal.ContextRunnable.run(ContextRunnable.java:37)
	at io.grpc.internal.SerializingExecutor.run(SerializingExecutor.java:133)
	at java.base/java.util.concurrent.ThreadPoolExecutor.runWorker(ThreadPoolExecutor.java:1144)
	at java.base/java.util.concurrent.ThreadPoolExecutor$Worker.run(ThreadPoolExecutor.java:642)
	at java.base/java.lang.Thread.run(Thread.java:1583)

Nov 29, 2024 11:00:43 AM io.gapi.emulators.netty.HttpHandler$1 onError
INFO: Exception when handling request: UNKNOWN
Nov 29, 2024 11:00:43 AM com.google.cloud.datastore.emulator.impl.util.WrappedStreamObserver onError
WARNING: Operation failed: Invalid app id: dev~PROJECT_ID
java.lang.IllegalArgumentException: Invalid app id: dev~PROJECT_ID
	at com.google.cloud.datastore.core.names.projectids.ProjectIds.parseAppId(ProjectIds.java:176)
	at com.google.cloud.datastore.core.rep.DatabaseRef.createForApp(DatabaseRef.java:271)
	at com.google.cloud.datastore.core.firestorev1.converter.FirestoreV1ResourceRefToRepConverter.parseDatabaseRef(FirestoreV1ResourceRefToRepConverter.java:271)
	at com.google.cloud.datastore.core.firestorev1.converter.FirestoreV1ResourceRefToRepConverter.convertDatabaseRefHelper(FirestoreV1ResourceRefToRepConverter.java:169)
	at com.google.cloud.datastore.core.firestorev1.converter.FirestoreV1ResourceRefToRepConverter.convertDatabaseRefServiceRelative(FirestoreV1ResourceRefToRepConverter.java:161)
	at com.google.cloud.datastore.emulator.impl.util.FirestoreEmulatorConverters.toDatabaseRef(FirestoreEmulatorConverters.java:669)
	at com.google.cloud.datastore.emulator.impl.firestore.CloudFirestoreV1Router.inferDatabaseRef(CloudFirestoreV1Router.java:554)
	at com.google.cloud.datastore.emulator.impl.firestore.CloudFirestoreV1Router.commit(CloudFirestoreV1Router.java:173)
	at com.google.cloud.datastore.emulator.firestore.v1.FirestoreV1GrpcAdapter$1.lambda$commit$8(FirestoreV1GrpcAdapter.java:162)
	at com.google.cloud.datastore.emulator.firestore.v1.FirestoreV1GrpcAdapter.unary(FirestoreV1GrpcAdapter.java:72)
	at com.google.cloud.datastore.emulator.firestore.v1.FirestoreV1GrpcAdapter$1.commit(FirestoreV1GrpcAdapter.java:162)
	at com.google.firestore.v1.FirestoreGrpc$MethodHandlers.invoke(FirestoreGrpc.java:1234)
	at io.grpc.stub.ServerCalls$UnaryServerCallHandler$UnaryServerCallListener.onHalfClose(ServerCalls.java:182)
	at io.grpc.PartialForwardingServerCallListener.onHalfClose(PartialForwardingServerCallListener.java:35)
	at io.grpc.ForwardingServerCallListener.onHalfClose(ForwardingServerCallListener.java:23)
	at io.grpc.ForwardingServerCallListener$SimpleForwardingServerCallListener.onHalfClose(ForwardingServerCallListener.java:40)
	at io.grpc.Contexts$ContextualizedServerCallListener.onHalfClose(Contexts.java:86)
	at io.grpc.PartialForwardingServerCallListener.onHalfClose(PartialForwardingServerCallListener.java:35)
	at io.grpc.ForwardingServerCallListener.onHalfClose(ForwardingServerCallListener.java:23)
	at io.grpc.ForwardingServerCallListener$SimpleForwardingServerCallListener.onHalfClose(ForwardingServerCallListener.java:40)
	at io.grpc.Contexts$ContextualizedServerCallListener.onHalfClose(Contexts.java:86)
	at io.grpc.internal.ServerCallImpl$ServerStreamListenerImpl.halfClosed(ServerCallImpl.java:356)
	at io.grpc.internal.ServerImpl$JumpToApplicationThreadServerStreamListener$1HalfClosed.runInContext(ServerImpl.java:861)
	at io.grpc.internal.ContextRunnable.run(ContextRunnable.java:37)
	at io.grpc.internal.SerializingExecutor.run(SerializingExecutor.java:133)
	at java.base/java.util.concurrent.ThreadPoolExecutor.runWorker(ThreadPoolExecutor.java:1144)
	at java.base/java.util.concurrent.ThreadPoolExecutor$Worker.run(ThreadPoolExecutor.java:642)
	at java.base/java.lang.Thread.run(Thread.java:1583)

Nov 29, 2024 11:00:43 AM com.google.cloud.datastore.emulator.impl.util.WrappedStreamObserver onError
WARNING: Operation failed: Invalid app id: dev~PROJECT_ID
java.lang.IllegalArgumentException: Invalid app id: dev~PROJECT_ID
	at com.google.cloud.datastore.core.names.projectids.ProjectIds.parseAppId(ProjectIds.java:176)
	at com.google.cloud.datastore.core.rep.DatabaseRef.createForApp(DatabaseRef.java:271)
	at com.google.cloud.datastore.core.firestorev1.converter.FirestoreV1ResourceRefToRepConverter.parseDatabaseRef(FirestoreV1ResourceRefToRepConverter.java:271)
	at com.google.cloud.datastore.core.firestorev1.converter.FirestoreV1ResourceRefToRepConverter.convertEntityParentRefAllowFirestoreRelative(FirestoreV1ResourceRefToRepConverter.java:77)
	at com.google.cloud.datastore.core.firestorev1.converter.FirestoreV1RequestToRepConverter.parseParent(FirestoreV1RequestToRepConverter.java:606)
	at com.google.cloud.datastore.emulator.impl.util.FirestoreEmulatorConverters.parseParentAndOptionalCollectionId(FirestoreEmulatorConverters.java:634)
	at com.google.cloud.datastore.emulator.impl.firestore.CloudFirestoreV1Router.inferDatabaseRef(CloudFirestoreV1Router.java:629)
	at com.google.cloud.datastore.emulator.impl.firestore.CloudFirestoreV1Router.clearData(CloudFirestoreV1Router.java:276)
	at com.google.cloud.datastore.emulator.firestore.EmulatorAuxiliaryGrpcAdapter$1.lambda$clearData$2(EmulatorAuxiliaryGrpcAdapter.java:91)
	at com.google.cloud.datastore.emulator.firestore.EmulatorAuxiliaryGrpcAdapter.unary(EmulatorAuxiliaryGrpcAdapter.java:52)
	at com.google.cloud.datastore.emulator.firestore.EmulatorAuxiliaryGrpcAdapter$1.clearData(EmulatorAuxiliaryGrpcAdapter.java:88)
	at com.google.firestore.emulator.v1.FirestoreEmulatorGrpc$MethodHandlers.invoke(FirestoreEmulatorGrpc.java:776)
	at io.grpc.stub.ServerCalls$UnaryServerCallHandler$UnaryServerCallListener.onHalfClose(ServerCalls.java:182)
	at io.grpc.PartialForwardingServerCallListener.onHalfClose(PartialForwardingServerCallListener.java:35)
	at io.grpc.ForwardingServerCallListener.onHalfClose(ForwardingServerCallListener.java:23)
	at io.grpc.ForwardingServerCallListener$SimpleForwardingServerCallListener.onHalfClose(ForwardingServerCallListener.java:40)
	at io.grpc.Contexts$ContextualizedServerCallListener.onHalfClose(Contexts.java:86)
	at io.grpc.PartialForwardingServerCallListener.onHalfClose(PartialForwardingServerCallListener.java:35)
	at io.grpc.ForwardingServerCallListener.onHalfClose(ForwardingServerCallListener.java:23)
	at io.grpc.ForwardingServerCallListener$SimpleForwardingServerCallListener.onHalfClose(ForwardingServerCallListener.java:40)
	at io.grpc.Contexts$ContextualizedServerCallListener.onHalfClose(Contexts.java:86)
	at io.grpc.internal.ServerCallImpl$ServerStreamListenerImpl.halfClosed(ServerCallImpl.java:356)
	at io.grpc.internal.ServerImpl$JumpToApplicationThreadServerStreamListener$1HalfClosed.runInContext(ServerImpl.java:861)
	at io.grpc.internal.ContextRunnable.run(ContextRunnable.java:37)
	at io.grpc.internal.SerializingExecutor.run(SerializingExecutor.java:133)
	at java.base/java.util.concurrent.ThreadPoolExecutor.runWorker(ThreadPoolExecutor.java:1144)
	at java.base/java.util.concurrent.ThreadPoolExecutor$Worker.run(ThreadPoolExecutor.java:642)
	at java.base/java.lang.Thread.run(Thread.java:1583)

Nov 29, 2024 11:00:43 AM io.gapi.emulators.netty.HttpHandler$1 onError
INFO: Exception when handling request: UNKNOWN
Nov 29, 2024 11:00:43 AM com.google.cloud.datastore.emulator.impl.util.WrappedStreamObserver onError
WARNING: Operation failed: Invalid app id: dev~PROJECT_ID
java.lang.IllegalArgumentException: Invalid app id: dev~PROJECT_ID
	at com.google.cloud.datastore.core.names.projectids.ProjectIds.parseAppId(ProjectIds.java:176)
	at com.google.cloud.datastore.core.rep.DatabaseRef.createForApp(DatabaseRef.java:271)
	at com.google.cloud.datastore.core.firestorev1.converter.FirestoreV1ResourceRefToRepConverter.parseDatabaseRef(FirestoreV1ResourceRefToRepConverter.java:271)
	at com.google.cloud.datastore.core.firestorev1.converter.FirestoreV1ResourceRefToRepConverter.convertDatabaseRefHelper(FirestoreV1ResourceRefToRepConverter.java:169)
	at com.google.cloud.datastore.core.firestorev1.converter.FirestoreV1ResourceRefToRepConverter.convertDatabaseRefServiceRelative(FirestoreV1ResourceRefToRepConverter.java:161)
	at com.google.cloud.datastore.emulator.impl.util.FirestoreEmulatorConverters.toDatabaseRef(FirestoreEmulatorConverters.java:669)
	at com.google.cloud.datastore.emulator.impl.firestore.CloudFirestoreV1Router.inferDatabaseRef(CloudFirestoreV1Router.java:554)
	at com.google.cloud.datastore.emulator.impl.firestore.CloudFirestoreV1Router.commit(CloudFirestoreV1Router.java:173)
	at com.google.cloud.datastore.emulator.firestore.v1.FirestoreV1GrpcAdapter$1.lambda$commit$8(FirestoreV1GrpcAdapter.java:162)
	at com.google.cloud.datastore.emulator.firestore.v1.FirestoreV1GrpcAdapter.unary(FirestoreV1GrpcAdapter.java:72)
	at com.google.cloud.datastore.emulator.firestore.v1.FirestoreV1GrpcAdapter$1.commit(FirestoreV1GrpcAdapter.java:162)
	at com.google.firestore.v1.FirestoreGrpc$MethodHandlers.invoke(FirestoreGrpc.java:1234)
	at io.grpc.stub.ServerCalls$UnaryServerCallHandler$UnaryServerCallListener.onHalfClose(ServerCalls.java:182)
	at io.grpc.PartialForwardingServerCallListener.onHalfClose(PartialForwardingServerCallListener.java:35)
	at io.grpc.ForwardingServerCallListener.onHalfClose(ForwardingServerCallListener.java:23)
	at io.grpc.ForwardingServerCallListener$SimpleForwardingServerCallListener.onHalfClose(ForwardingServerCallListener.java:40)
	at io.grpc.Contexts$ContextualizedServerCallListener.onHalfClose(Contexts.java:86)
	at io.grpc.PartialForwardingServerCallListener.onHalfClose(PartialForwardingServerCallListener.java:35)
	at io.grpc.ForwardingServerCallListener.onHalfClose(ForwardingServerCallListener.java:23)
	at io.grpc.ForwardingServerCallListener$SimpleForwardingServerCallListener.onHalfClose(ForwardingServerCallListener.java:40)
	at io.grpc.Contexts$ContextualizedServerCallListener.onHalfClose(Contexts.java:86)
	at io.grpc.internal.ServerCallImpl$ServerStreamListenerImpl.halfClosed(ServerCallImpl.java:356)
	at io.grpc.internal.ServerImpl$JumpToApplicationThreadServerStreamListener$1HalfClosed.runInContext(ServerImpl.java:861)
	at io.grpc.internal.ContextRunnable.run(ContextRunnable.java:37)
	at io.grpc.internal.SerializingExecutor.run(SerializingExecutor.java:133)
	at java.base/java.util.concurrent.ThreadPoolExecutor.runWorker(ThreadPoolExecutor.java:1144)
	at java.base/java.util.concurrent.ThreadPoolExecutor$Worker.run(ThreadPoolExecutor.java:642)
	at java.base/java.lang.Thread.run(Thread.java:1583)

Nov 29, 2024 11:00:43 AM com.google.cloud.datastore.emulator.impl.util.WrappedStreamObserver onError
WARNING: Operation failed: Invalid app id: dev~PROJECT_ID
java.lang.IllegalArgumentException: Invalid app id: dev~PROJECT_ID
	at com.google.cloud.datastore.core.names.projectids.ProjectIds.parseAppId(ProjectIds.java:176)
	at com.google.cloud.datastore.core.rep.DatabaseRef.createForApp(DatabaseRef.java:271)
	at com.google.cloud.datastore.core.firestorev1.converter.FirestoreV1ResourceRefToRepConverter.parseDatabaseRef(FirestoreV1ResourceRefToRepConverter.java:271)
	at com.google.cloud.datastore.core.firestorev1.converter.FirestoreV1ResourceRefToRepConverter.convertEntityParentRefAllowFirestoreRelative(FirestoreV1ResourceRefToRepConverter.java:77)
	at com.google.cloud.datastore.core.firestorev1.converter.FirestoreV1RequestToRepConverter.parseParent(FirestoreV1RequestToRepConverter.java:606)
	at com.google.cloud.datastore.emulator.impl.util.FirestoreEmulatorConverters.parseParentAndOptionalCollectionId(FirestoreEmulatorConverters.java:634)
	at com.google.cloud.datastore.emulator.impl.firestore.CloudFirestoreV1Router.inferDatabaseRef(CloudFirestoreV1Router.java:629)
	at com.google.cloud.datastore.emulator.impl.firestore.CloudFirestoreV1Router.clearData(CloudFirestoreV1Router.java:276)
	at com.google.cloud.datastore.emulator.firestore.EmulatorAuxiliaryGrpcAdapter$1.lambda$clearData$2(EmulatorAuxiliaryGrpcAdapter.java:91)
	at com.google.cloud.datastore.emulator.firestore.EmulatorAuxiliaryGrpcAdapter.unary(EmulatorAuxiliaryGrpcAdapter.java:52)
	at com.google.cloud.datastore.emulator.firestore.EmulatorAuxiliaryGrpcAdapter$1.clearData(EmulatorAuxiliaryGrpcAdapter.java:88)
	at com.google.firestore.emulator.v1.FirestoreEmulatorGrpc$MethodHandlers.invoke(FirestoreEmulatorGrpc.java:776)
	at io.grpc.stub.ServerCalls$UnaryServerCallHandler$UnaryServerCallListener.onHalfClose(ServerCalls.java:182)
	at io.grpc.PartialForwardingServerCallListener.onHalfClose(PartialForwardingServerCallListener.java:35)
	at io.grpc.ForwardingServerCallListener.onHalfClose(ForwardingServerCallListener.java:23)
	at io.grpc.ForwardingServerCallListener$SimpleForwardingServerCallListener.onHalfClose(ForwardingServerCallListener.java:40)
	at io.grpc.Contexts$ContextualizedServerCallListener.onHalfClose(Contexts.java:86)
	at io.grpc.PartialForwardingServerCallListener.onHalfClose(PartialForwardingServerCallListener.java:35)
	at io.grpc.ForwardingServerCallListener.onHalfClose(ForwardingServerCallListener.java:23)
	at io.grpc.ForwardingServerCallListener$SimpleForwardingServerCallListener.onHalfClose(ForwardingServerCallListener.java:40)
	at io.grpc.Contexts$ContextualizedServerCallListener.onHalfClose(Contexts.java:86)
	at io.grpc.internal.ServerCallImpl$ServerStreamListenerImpl.halfClosed(ServerCallImpl.java:356)
	at io.grpc.internal.ServerImpl$JumpToApplicationThreadServerStreamListener$1HalfClosed.runInContext(ServerImpl.java:861)
	at io.grpc.internal.ContextRunnable.run(ContextRunnable.java:37)
	at io.grpc.internal.SerializingExecutor.run(SerializingExecutor.java:133)
	at java.base/java.util.concurrent.ThreadPoolExecutor.runWorker(ThreadPoolExecutor.java:1144)
	at java.base/java.util.concurrent.ThreadPoolExecutor$Worker.run(ThreadPoolExecutor.java:642)
	at java.base/java.lang.Thread.run(Thread.java:1583)

Nov 29, 2024 11:00:43 AM io.gapi.emulators.netty.HttpHandler$1 onError
INFO: Exception when handling request: UNKNOWN
Nov 29, 2024 11:00:43 AM com.google.cloud.datastore.emulator.impl.util.WrappedStreamObserver onError
WARNING: Operation failed: Invalid app id: dev~PROJECT_ID
java.lang.IllegalArgumentException: Invalid app id: dev~PROJECT_ID
	at com.google.cloud.datastore.core.names.projectids.ProjectIds.parseAppId(ProjectIds.java:176)
	at com.google.cloud.datastore.core.rep.DatabaseRef.createForApp(DatabaseRef.java:271)
	at com.google.cloud.datastore.core.firestorev1.converter.FirestoreV1ResourceRefToRepConverter.parseDatabaseRef(FirestoreV1ResourceRefToRepConverter.java:271)
	at com.google.cloud.datastore.core.firestorev1.converter.FirestoreV1ResourceRefToRepConverter.convertDatabaseRefHelper(FirestoreV1ResourceRefToRepConverter.java:169)
	at com.google.cloud.datastore.core.firestorev1.converter.FirestoreV1ResourceRefToRepConverter.convertDatabaseRefServiceRelative(FirestoreV1ResourceRefToRepConverter.java:161)
	at com.google.cloud.datastore.emulator.impl.util.FirestoreEmulatorConverters.toDatabaseRef(FirestoreEmulatorConverters.java:669)
	at com.google.cloud.datastore.emulator.impl.firestore.CloudFirestoreV1Router.inferDatabaseRef(CloudFirestoreV1Router.java:554)
	at com.google.cloud.datastore.emulator.impl.firestore.CloudFirestoreV1Router.commit(CloudFirestoreV1Router.java:173)
	at com.google.cloud.datastore.emulator.firestore.v1.FirestoreV1GrpcAdapter$1.lambda$commit$8(FirestoreV1GrpcAdapter.java:162)
	at com.google.cloud.datastore.emulator.firestore.v1.FirestoreV1GrpcAdapter.unary(FirestoreV1GrpcAdapter.java:72)
	at com.google.cloud.datastore.emulator.firestore.v1.FirestoreV1GrpcAdapter$1.commit(FirestoreV1GrpcAdapter.java:162)
	at com.google.firestore.v1.FirestoreGrpc$MethodHandlers.invoke(FirestoreGrpc.java:1234)
	at io.grpc.stub.ServerCalls$UnaryServerCallHandler$UnaryServerCallListener.onHalfClose(ServerCalls.java:182)
	at io.grpc.PartialForwardingServerCallListener.onHalfClose(PartialForwardingServerCallListener.java:35)
	at io.grpc.ForwardingServerCallListener.onHalfClose(ForwardingServerCallListener.java:23)
	at io.grpc.ForwardingServerCallListener$SimpleForwardingServerCallListener.onHalfClose(ForwardingServerCallListener.java:40)
	at io.grpc.Contexts$ContextualizedServerCallListener.onHalfClose(Contexts.java:86)
	at io.grpc.PartialForwardingServerCallListener.onHalfClose(PartialForwardingServerCallListener.java:35)
	at io.grpc.ForwardingServerCallListener.onHalfClose(ForwardingServerCallListener.java:23)
	at io.grpc.ForwardingServerCallListener$SimpleForwardingServerCallListener.onHalfClose(ForwardingServerCallListener.java:40)
	at io.grpc.Contexts$ContextualizedServerCallListener.onHalfClose(Contexts.java:86)
	at io.grpc.internal.ServerCallImpl$ServerStreamListenerImpl.halfClosed(ServerCallImpl.java:356)
	at io.grpc.internal.ServerImpl$JumpToApplicationThreadServerStreamListener$1HalfClosed.runInContext(ServerImpl.java:861)
	at io.grpc.internal.ContextRunnable.run(ContextRunnable.java:37)
	at io.grpc.internal.SerializingExecutor.run(SerializingExecutor.java:133)
	at java.base/java.util.concurrent.ThreadPoolExecutor.runWorker(ThreadPoolExecutor.java:1144)
	at java.base/java.util.concurrent.ThreadPoolExecutor$Worker.run(ThreadPoolExecutor.java:642)
	at java.base/java.lang.Thread.run(Thread.java:1583)

Nov 29, 2024 11:00:43 AM com.google.cloud.datastore.emulator.impl.util.WrappedStreamObserver onError
WARNING: Operation failed: Invalid app id: dev~PROJECT_ID
java.lang.IllegalArgumentException: Invalid app id: dev~PROJECT_ID
	at com.google.cloud.datastore.core.names.projectids.ProjectIds.parseAppId(ProjectIds.java:176)
	at com.google.cloud.datastore.core.rep.DatabaseRef.createForApp(DatabaseRef.java:271)
	at com.google.cloud.datastore.core.firestorev1.converter.FirestoreV1ResourceRefToRepConverter.parseDatabaseRef(FirestoreV1ResourceRefToRepConverter.java:271)
	at com.google.cloud.datastore.core.firestorev1.converter.FirestoreV1ResourceRefToRepConverter.convertEntityParentRefAllowFirestoreRelative(FirestoreV1ResourceRefToRepConverter.java:77)
	at com.google.cloud.datastore.core.firestorev1.converter.FirestoreV1RequestToRepConverter.parseParent(FirestoreV1RequestToRepConverter.java:606)
	at com.google.cloud.datastore.emulator.impl.util.FirestoreEmulatorConverters.parseParentAndOptionalCollectionId(FirestoreEmulatorConverters.java:634)
	at com.google.cloud.datastore.emulator.impl.firestore.CloudFirestoreV1Router.inferDatabaseRef(CloudFirestoreV1Router.java:629)
	at com.google.cloud.datastore.emulator.impl.firestore.CloudFirestoreV1Router.clearData(CloudFirestoreV1Router.java:276)
	at com.google.cloud.datastore.emulator.firestore.EmulatorAuxiliaryGrpcAdapter$1.lambda$clearData$2(EmulatorAuxiliaryGrpcAdapter.java:91)
	at com.google.cloud.datastore.emulator.firestore.EmulatorAuxiliaryGrpcAdapter.unary(EmulatorAuxiliaryGrpcAdapter.java:52)
	at com.google.cloud.datastore.emulator.firestore.EmulatorAuxiliaryGrpcAdapter$1.clearData(EmulatorAuxiliaryGrpcAdapter.java:88)
	at com.google.firestore.emulator.v1.FirestoreEmulatorGrpc$MethodHandlers.invoke(FirestoreEmulatorGrpc.java:776)
	at io.grpc.stub.ServerCalls$UnaryServerCallHandler$UnaryServerCallListener.onHalfClose(ServerCalls.java:182)
	at io.grpc.PartialForwardingServerCallListener.onHalfClose(PartialForwardingServerCallListener.java:35)
	at io.grpc.ForwardingServerCallListener.onHalfClose(ForwardingServerCallListener.java:23)
	at io.grpc.ForwardingServerCallListener$SimpleForwardingServerCallListener.onHalfClose(ForwardingServerCallListener.java:40)
	at io.grpc.Contexts$ContextualizedServerCallListener.onHalfClose(Contexts.java:86)
	at io.grpc.PartialForwardingServerCallListener.onHalfClose(PartialForwardingServerCallListener.java:35)
	at io.grpc.ForwardingServerCallListener.onHalfClose(ForwardingServerCallListener.java:23)
	at io.grpc.ForwardingServerCallListener$SimpleForwardingServerCallListener.onHalfClose(ForwardingServerCallListener.java:40)
	at io.grpc.Contexts$ContextualizedServerCallListener.onHalfClose(Contexts.java:86)
	at io.grpc.internal.ServerCallImpl$ServerStreamListenerImpl.halfClosed(ServerCallImpl.java:356)
	at io.grpc.internal.ServerImpl$JumpToApplicationThreadServerStreamListener$1HalfClosed.runInContext(ServerImpl.java:861)
	at io.grpc.internal.ContextRunnable.run(ContextRunnable.java:37)
	at io.grpc.internal.SerializingExecutor.run(SerializingExecutor.java:133)
	at java.base/java.util.concurrent.ThreadPoolExecutor.runWorker(ThreadPoolExecutor.java:1144)
	at java.base/java.util.concurrent.ThreadPoolExecutor$Worker.run(ThreadPoolExecutor.java:642)
	at java.base/java.lang.Thread.run(Thread.java:1583)

Nov 29, 2024 11:00:43 AM io.gapi.emulators.netty.HttpHandler$1 onError
INFO: Exception when handling request: UNKNOWN
Nov 29, 2024 11:00:43 AM com.google.cloud.datastore.emulator.impl.util.WrappedStreamObserver onError
WARNING: Operation failed: Invalid app id: dev~PROJECT_ID
java.lang.IllegalArgumentException: Invalid app id: dev~PROJECT_ID
	at com.google.cloud.datastore.core.names.projectids.ProjectIds.parseAppId(ProjectIds.java:176)
	at com.google.cloud.datastore.core.rep.DatabaseRef.createForApp(DatabaseRef.java:271)
	at com.google.cloud.datastore.core.firestorev1.converter.FirestoreV1ResourceRefToRepConverter.parseDatabaseRef(FirestoreV1ResourceRefToRepConverter.java:271)
	at com.google.cloud.datastore.core.firestorev1.converter.FirestoreV1ResourceRefToRepConverter.convertDatabaseRefHelper(FirestoreV1ResourceRefToRepConverter.java:169)
	at com.google.cloud.datastore.core.firestorev1.converter.FirestoreV1ResourceRefToRepConverter.convertDatabaseRefServiceRelative(FirestoreV1ResourceRefToRepConverter.java:161)
	at com.google.cloud.datastore.emulator.impl.util.FirestoreEmulatorConverters.toDatabaseRef(FirestoreEmulatorConverters.java:669)
	at com.google.cloud.datastore.emulator.impl.firestore.CloudFirestoreV1Router.inferDatabaseRef(CloudFirestoreV1Router.java:554)
	at com.google.cloud.datastore.emulator.impl.firestore.CloudFirestoreV1Router.commit(CloudFirestoreV1Router.java:173)
	at com.google.cloud.datastore.emulator.firestore.v1.FirestoreV1GrpcAdapter$1.lambda$commit$8(FirestoreV1GrpcAdapter.java:162)
	at com.google.cloud.datastore.emulator.firestore.v1.FirestoreV1GrpcAdapter.unary(FirestoreV1GrpcAdapter.java:72)
	at com.google.cloud.datastore.emulator.firestore.v1.FirestoreV1GrpcAdapter$1.commit(FirestoreV1GrpcAdapter.java:162)
	at com.google.firestore.v1.FirestoreGrpc$MethodHandlers.invoke(FirestoreGrpc.java:1234)
	at io.grpc.stub.ServerCalls$UnaryServerCallHandler$UnaryServerCallListener.onHalfClose(ServerCalls.java:182)
	at io.grpc.PartialForwardingServerCallListener.onHalfClose(PartialForwardingServerCallListener.java:35)
	at io.grpc.ForwardingServerCallListener.onHalfClose(ForwardingServerCallListener.java:23)
	at io.grpc.ForwardingServerCallListener$SimpleForwardingServerCallListener.onHalfClose(ForwardingServerCallListener.java:40)
	at io.grpc.Contexts$ContextualizedServerCallListener.onHalfClose(Contexts.java:86)
	at io.grpc.PartialForwardingServerCallListener.onHalfClose(PartialForwardingServerCallListener.java:35)
	at io.grpc.ForwardingServerCallListener.onHalfClose(ForwardingServerCallListener.java:23)
	at io.grpc.ForwardingServerCallListener$SimpleForwardingServerCallListener.onHalfClose(ForwardingServerCallListener.java:40)
	at io.grpc.Contexts$ContextualizedServerCallListener.onHalfClose(Contexts.java:86)
	at io.grpc.internal.ServerCallImpl$ServerStreamListenerImpl.halfClosed(ServerCallImpl.java:356)
	at io.grpc.internal.ServerImpl$JumpToApplicationThreadServerStreamListener$1HalfClosed.runInContext(ServerImpl.java:861)
	at io.grpc.internal.ContextRunnable.run(ContextRunnable.java:37)
	at io.grpc.internal.SerializingExecutor.run(SerializingExecutor.java:133)
	at java.base/java.util.concurrent.ThreadPoolExecutor.runWorker(ThreadPoolExecutor.java:1144)
	at java.base/java.util.concurrent.ThreadPoolExecutor$Worker.run(ThreadPoolExecutor.java:642)
	at java.base/java.lang.Thread.run(Thread.java:1583)

Nov 29, 2024 11:00:43 AM com.google.cloud.datastore.emulator.impl.util.WrappedStreamObserver onError
WARNING: Operation failed: Invalid app id: dev~PROJECT_ID
java.lang.IllegalArgumentException: Invalid app id: dev~PROJECT_ID
	at com.google.cloud.datastore.core.names.projectids.ProjectIds.parseAppId(ProjectIds.java:176)
	at com.google.cloud.datastore.core.rep.DatabaseRef.createForApp(DatabaseRef.java:271)
	at com.google.cloud.datastore.core.firestorev1.converter.FirestoreV1ResourceRefToRepConverter.parseDatabaseRef(FirestoreV1ResourceRefToRepConverter.java:271)
	at com.google.cloud.datastore.core.firestorev1.converter.FirestoreV1ResourceRefToRepConverter.convertEntityParentRefAllowFirestoreRelative(FirestoreV1ResourceRefToRepConverter.java:77)
	at com.google.cloud.datastore.core.firestorev1.converter.FirestoreV1RequestToRepConverter.parseParent(FirestoreV1RequestToRepConverter.java:606)
	at com.google.cloud.datastore.emulator.impl.util.FirestoreEmulatorConverters.parseParentAndOptionalCollectionId(FirestoreEmulatorConverters.java:634)
	at com.google.cloud.datastore.emulator.impl.firestore.CloudFirestoreV1Router.inferDatabaseRef(CloudFirestoreV1Router.java:629)
	at com.google.cloud.datastore.emulator.impl.firestore.CloudFirestoreV1Router.clearData(CloudFirestoreV1Router.java:276)
	at com.google.cloud.datastore.emulator.firestore.EmulatorAuxiliaryGrpcAdapter$1.lambda$clearData$2(EmulatorAuxiliaryGrpcAdapter.java:91)
	at com.google.cloud.datastore.emulator.firestore.EmulatorAuxiliaryGrpcAdapter.unary(EmulatorAuxiliaryGrpcAdapter.java:52)
	at com.google.cloud.datastore.emulator.firestore.EmulatorAuxiliaryGrpcAdapter$1.clearData(EmulatorAuxiliaryGrpcAdapter.java:88)
	at com.google.firestore.emulator.v1.FirestoreEmulatorGrpc$MethodHandlers.invoke(FirestoreEmulatorGrpc.java:776)
	at io.grpc.stub.ServerCalls$UnaryServerCallHandler$UnaryServerCallListener.onHalfClose(ServerCalls.java:182)
	at io.grpc.PartialForwardingServerCallListener.onHalfClose(PartialForwardingServerCallListener.java:35)
	at io.grpc.ForwardingServerCallListener.onHalfClose(ForwardingServerCallListener.java:23)
	at io.grpc.ForwardingServerCallListener$SimpleForwardingServerCallListener.onHalfClose(ForwardingServerCallListener.java:40)
	at io.grpc.Contexts$ContextualizedServerCallListener.onHalfClose(Contexts.java:86)
	at io.grpc.PartialForwardingServerCallListener.onHalfClose(PartialForwardingServerCallListener.java:35)
	at io.grpc.ForwardingServerCallListener.onHalfClose(ForwardingServerCallListener.java:23)
	at io.grpc.ForwardingServerCallListener$SimpleForwardingServerCallListener.onHalfClose(ForwardingServerCallListener.java:40)
	at io.grpc.Contexts$ContextualizedServerCallListener.onHalfClose(Contexts.java:86)
	at io.grpc.internal.ServerCallImpl$ServerStreamListenerImpl.halfClosed(ServerCallImpl.java:356)
	at io.grpc.internal.ServerImpl$JumpToApplicationThreadServerStreamListener$1HalfClosed.runInContext(ServerImpl.java:861)
	at io.grpc.internal.ContextRunnable.run(ContextRunnable.java:37)
	at io.grpc.internal.SerializingExecutor.run(SerializingExecutor.java:133)
	at java.base/java.util.concurrent.ThreadPoolExecutor.runWorker(ThreadPoolExecutor.java:1144)
	at java.base/java.util.concurrent.ThreadPoolExecutor$Worker.run(ThreadPoolExecutor.java:642)
	at java.base/java.lang.Thread.run(Thread.java:1583)

Nov 29, 2024 11:00:43 AM io.gapi.emulators.netty.HttpHandler$1 onError
INFO: Exception when handling request: UNKNOWN
*** shutting down gRPC server since JVM is shutting down
*** server shut down
